[1103/051708:ERROR:renderer_main.cc(226)] Running without renderer sandbox
[1103/051708:INFO:dhcp_proxy_script_adapter_fetcher_win.cc(264)] Error fetching PAC URL from DHCP: 2
[1103/051717:INFO:dhcp_proxy_script_adapter_fetcher_win.cc(264)] Error fetching PAC URL from DHCP: 2
[1103/051732:ERROR:renderer_main.cc(226)] Running without renderer sandbox
[1103/051734:INFO:CONSOLE(85)] "一张网页，要经历怎样的过程，才能抵达用户面前？
一位新人，要经历怎样的成长，才能站在技术之巅？
探寻这里的秘密；
体验这里的挑战；
成为这里的主人；
加入百度，加入网页搜索，你，可以影响世界。
", source: http://s1.bdstatic.com/r/www/cache/static/global/js/all_instant_search1_8b4445d5.js (85)
[1103/051734:INFO:CONSOLE(85)] "请将简历发送至 %c ps_recruiter@baidu.com（ 邮件标题请以“姓名-应聘XX职位-来自console”命名）", source: http://s1.bdstatic.com/r/www/cache/static/global/js/all_instant_search1_8b4445d5.js (85)
[1103/051734:INFO:CONSOLE(85)] "职位介绍：http://dwz.cn/hr2013", source: http://s1.bdstatic.com/r/www/cache/static/global/js/all_instant_search1_8b4445d5.js (85)
[1103/051736:INFO:CONSOLE(0)] "event.returnValue is deprecated. Please use the standard event.preventDefault() instead.", source:  (0)
[1103/051804:ERROR:ipc_channel_win.cc(405)] pipe error: 232
[1103/051835:ERROR:renderer_main.cc(226)] Running without renderer sandbox
[1103/051835:INFO:dhcp_proxy_script_adapter_fetcher_win.cc(264)] Error fetching PAC URL from DHCP: 2
[1103/052231:ERROR:renderer_main.cc(226)] Running without renderer sandbox
[1103/052231:INFO:dhcp_proxy_script_adapter_fetcher_win.cc(264)] Error fetching PAC URL from DHCP: 2
[1103/052240:INFO:dhcp_proxy_script_adapter_fetcher_win.cc(264)] Error fetching PAC URL from DHCP: 2
[1103/052310:ERROR:renderer_main.cc(226)] Running without renderer sandbox
[1103/052312:INFO:CONSOLE(85)] "一张网页，要经历怎样的过程，才能抵达用户面前？
一位新人，要经历怎样的成长，才能站在技术之巅？
探寻这里的秘密；
体验这里的挑战；
成为这里的主人；
加入百度，加入网页搜索，你，可以影响世界。
", source: http://s1.bdstatic.com/r/www/cache/static/global/js/all_instant_search1_8b4445d5.js (85)
[1103/052312:INFO:CONSOLE(85)] "请将简历发送至 %c ps_recruiter@baidu.com（ 邮件标题请以“姓名-应聘XX职位-来自console”命名）", source: http://s1.bdstatic.com/r/www/cache/static/global/js/all_instant_search1_8b4445d5.js (85)
[1103/052312:INFO:CONSOLE(85)] "职位介绍：http://dwz.cn/hr2013", source: http://s1.bdstatic.com/r/www/cache/static/global/js/all_instant_search1_8b4445d5.js (85)
[1103/052313:INFO:CONSOLE(0)] "event.returnValue is deprecated. Please use the standard event.preventDefault() instead.", source:  (0)
[1103/052316:INFO:dhcp_proxy_script_adapter_fetcher_win.cc(264)] Error fetching PAC URL from DHCP: 2
[1103/052322:INFO:CONSOLE(2)] "[object Arguments]", source: http://s1.bdstatic.com/r/www/cache/static/global/js/all_instant_search1_8b4445d5.js (2)
[1103/052322:INFO:CONSOLE(1)] "Uncaught ReferenceError: is_base64_img2 is not defined", source: http://b1.bdstatic.com/image?imglist=1020003557_108255786_58,1951765661_3894531752_58,2225221428_297470962_58,1179763974_1267382231_58,446887390_535468900_58,729873984_745300565_58,2028242656_1200135728_58,860321575_2585157780_58,950241502_633469242_58,2379353210_1502472403_58,4259939344_2202604248_58,202387510_3958333512_58&cb=cb_15565177_0 (1)
[1103/052323:WARNING:content_browser_client.cc(480)] No browser info matching view process id 4 and routing id 2
[1103/052323:WARNING:content_browser_client.cc(480)] No browser info matching view process id 4 and routing id 2
[1103/052323:WARNING:content_browser_client.cc(480)] No browser info matching view process id 4 and routing id 2
[1103/052323:WARNING:content_browser_client.cc(480)] No browser info matching view process id 4 and routing id 2
[1103/052323:INFO:CONSOLE(2)] "[object Arguments]", source: http://s1.bdstatic.com/r/www/cache/static/global/js/all_instant_search1_8b4445d5.js (2)
[1103/052323:INFO:CONSOLE(1)] "Uncaught ReferenceError: is_base64_img2 is not defined", source: http://b1.bdstatic.com/image?imglist=136028488_481947430_58,1179763974_1267382231_58,1813736768_1827080879_58,506434602_3995239644_58,2937899688_2265784879_58,2994557434_4140918491_58,2029991190_2573604660_58,2314527232_1265175475_58,309074487_3150549843_58,1617655836_3327491975_58,3275752118_3397286995_58,3365555178_3138062062_58&cb=cb_17143273_0 (1)
[1103/052326:WARNING:content_browser_client.cc(480)] No browser info matching view process id 4 and routing id 2
[1103/052326:WARNING:content_browser_client.cc(480)] No browser info matching view process id 4 and routing id 2
[1103/052334:WARNING:dns_config_service_win.cc(653)] Failed to read DnsConfig.
[1103/052334:WARNING:dns_config_service_win.cc(653)] Failed to read DnsConfig.
[1103/053934:ERROR:renderer_main.cc(226)] Running without renderer sandbox
[1103/053934:INFO:dhcp_proxy_script_adapter_fetcher_win.cc(264)] Error fetching PAC URL from DHCP: 2
[1103/111110:ERROR:renderer_main.cc(226)] Running without renderer sandbox
[1103/111717:ERROR:renderer_main.cc(226)] Running without renderer sandbox
[1103/111801:ERROR:renderer_main.cc(226)] Running without renderer sandbox
[1103/111803:INFO:CONSOLE(0)] "event.returnValue is deprecated. Please use the standard event.preventDefault() instead.", source:  (0)
[1103/113003:ERROR:renderer_main.cc(226)] Running without renderer sandbox
[1103/113004:INFO:CONSOLE(0)] "event.returnValue is deprecated. Please use the standard event.preventDefault() instead.", source:  (0)
[1103/114138:ERROR:renderer_main.cc(226)] Running without renderer sandbox
[1103/114140:INFO:CONSOLE(0)] "event.returnValue is deprecated. Please use the standard event.preventDefault() instead.", source:  (0)
[1103/114507:ERROR:renderer_main.cc(226)] Running without renderer sandbox
[1103/114512:INFO:CONSOLE(0)] "event.returnValue is deprecated. Please use the standard event.preventDefault() instead.", source:  (0)
[1103/114526:ERROR:renderer_main.cc(226)] Running without renderer sandbox
[1103/114535:ERROR:renderer_main.cc(226)] Running without renderer sandbox
[1103/114545:ERROR:renderer_main.cc(226)] Running without renderer sandbox
[1103/114546:INFO:CONSOLE(0)] "Creating Application Cache with manifest http://slides.html5rocks.com/cache.appcache", source: http://slides.html5rocks.com/#geolocation (0)
[1103/114546:INFO:CONSOLE(0)] "Application Cache Checking event", source: http://slides.html5rocks.com/#geolocation (0)
[1103/114546:INFO:CONSOLE(346)] "Uncaught TypeError: Type error", source: http://slides.html5rocks.com/ (346)
[1103/114547:INFO:CONSOLE(0)] "Application Cache Downloading event", source: http://slides.html5rocks.com/#geolocation (0)
[1103/114547:INFO:CONSOLE(0)] "Application Cache Progress event (0 of 90) http://slides.html5rocks.com/src/android-form-number.png", source: http://slides.html5rocks.com/#geolocation (0)
[1103/114548:INFO:CONSOLE(0)] "Application Cache Progress event (1 of 90) http://slides.html5rocks.com/src/borderimage/border_image_4.png", source: http://slides.html5rocks.com/#geolocation (0)
[1103/114548:INFO:CONSOLE(0)] "Application Cache Progress event (2 of 90) http://slides.html5rocks.com/src/gray_lines_bg.png", source: http://slides.html5rocks.com/#geolocation (0)
[1103/114548:INFO:CONSOLE(0)] "Application Cache Progress event (3 of 90) http://slides.html5rocks.com/src/orientation/chrome-layer-01.png", source: http://slides.html5rocks.com/#geolocation (0)
[1103/114549:INFO:CONSOLE(0)] "Application Cache Progress event (4 of 90) http://slides.html5rocks.com/src/iphone-form-tel.png", source: http://slides.html5rocks.com/#geolocation (0)
[1103/114549:INFO:CONSOLE(0)] "Application Cache Progress event (5 of 90) http://slides.html5rocks.com/src/android-form-text.png", source: http://slides.html5rocks.com/#geolocation (0)
[1103/114550:INFO:CONSOLE(0)] "Application Cache Progress event (6 of 90) http://slides.html5rocks.com/src/canvasphoto/canvasImg.js", source: http://slides.html5rocks.com/#geolocation (0)
[1103/114550:INFO:CONSOLE(0)] "Application Cache Progress event (7 of 90) http://slides.html5rocks.com/src/chrome.png", source: http://slides.html5rocks.com/#geolocation (0)
[1103/114550:INFO:CONSOLE(0)] "Application Cache Progress event (8 of 90) http://slides.html5rocks.com/src/iphone-form-email.png", source: http://slides.html5rocks.com/#geolocation (0)
[1103/114551:INFO:CONSOLE(0)] "Application Cache Progress event (9 of 90) http://slides.html5rocks.com/src/compile", source: http://slides.html5rocks.com/#geolocation (0)
[1103/114551:INFO:CONSOLE(0)] "Application Cache Progress event (10 of 90) http://slides.html5rocks.com/src/borderimage/border_image_2.png", source: http://slides.html5rocks.com/#geolocation (0)
[1103/114551:INFO:CONSOLE(0)] "Application Cache Progress event (11 of 90) http://slides.html5rocks.com/src/dwd1.png", source: http://slides.html5rocks.com/#geolocation (0)
[1103/114551:INFO:CONSOLE(0)] "Application Cache Progress event (12 of 90) http://slides.html5rocks.com/src/prettify/prettify.css", source: http://slides.html5rocks.com/#geolocation (0)
[1103/114552:INFO:CONSOLE(0)] "Application Cache Progress event (13 of 90) http://slides.html5rocks.com/src/magpie.png", source: http://slides.html5rocks.com/#geolocation (0)
[1103/114552:INFO:CONSOLE(0)] "Application Cache Progress event (14 of 90) http://slides.html5rocks.com/src/borderimage/border_image_5.png", source: http://slides.html5rocks.com/#geolocation (0)
[1103/114552:INFO:CONSOLE(0)] "Application Cache Progress event (15 of 90) http://slides.html5rocks.com/src/fonts/junction02/junction02-webfont.svg", source: http://slides.html5rocks.com/#geolocation (0)
[1103/114553:INFO:CONSOLE(0)] "Application Cache Progress event (16 of 90) http://slides.html5rocks.com/src/prettify/lang-lua.js", source: http://slides.html5rocks.com/#geolocation (0)
[1103/114553:INFO:CONSOLE(0)] "Application Cache Progress event (17 of 90) http://slides.html5rocks.com/src/refresh.png", source: http://slides.html5rocks.com/#geolocation (0)
[1103/114553:INFO:CONSOLE(0)] "Application Cache Progress event (18 of 90) http://slides.html5rocks.com/src/scrollbar.css", source: http://slides.html5rocks.com/#geolocation (0)
[1103/114553:INFO:CONSOLE(0)] "Application Cache Progress event (19 of 90) http://slides.html5rocks.com/src/orientation/chrome-layer-03.png", source: http://slides.html5rocks.com/#geolocation (0)
[1103/114553:INFO:CONSOLE(0)] "Application Cache Progress event (20 of 90) http://slides.html5rocks.com/src/video-subtitles-en.vtt", source: http://slides.html5rocks.com/#geolocation (0)
[1103/114554:INFO:CONSOLE(0)] "Application Cache Progress event (21 of 90) http://slides.html5rocks.com/src/zippy-plus.png", source: http://slides.html5rocks.com/#geolocation (0)
[1103/114554:INFO:CONSOLE(0)] "Application Cache Progress event (22 of 90) http://slides.html5rocks.com/src/borderimage/border_image_1.png", source: http://slides.html5rocks.com/#geolocation (0)
[1103/114555:INFO:CONSOLE(0)] "Application Cache Progress event (23 of 90) http://slides.html5rocks.com/src/prettify/lang-yaml.js", source: http://slides.html5rocks.com/#geolocation (0)
[1103/114556:INFO:CONSOLE(0)] "Application Cache Progress event (24 of 90) http://slides.html5rocks.com/src/rounded/doraemon.css", source: http://slides.html5rocks.com/#geolocation (0)
[1103/114556:INFO:CONSOLE(0)] "Application Cache Progress event (25 of 90) http://slides.html5rocks.com/src/borderimage/border_image_3.png", source: http://slides.html5rocks.com/#geolocation (0)
[1103/114602:INFO:CONSOLE(0)] "Application Cache Progress event (26 of 90) http://slides.html5rocks.com/src/canvasphoto/7.jpg", source: http://slides.html5rocks.com/#geolocation (0)
[1103/114606:INFO:CONSOLE(0)] "Application Cache Progress event (27 of 90) http://slides.html5rocks.com/src/fonts/junction02/junction02-webfont.eot", source: http://slides.html5rocks.com/#geolocation (0)
[1103/114606:INFO:CONSOLE(0)] "Application Cache Progress event (28 of 90) http://slides.html5rocks.com/src/opacity_bg.jpg", source: http://slides.html5rocks.com/#geolocation (0)
[1103/114607:INFO:CONSOLE(0)] "Application Cache Progress event (29 of 90) http://slides.html5rocks.com/src/prettify/lang-css.js", source: http://slides.html5rocks.com/#geolocation (0)
[1103/114607:INFO:CONSOLE(0)] "Application Cache Progress event (30 of 90) http://slides.html5rocks.com/src/canvasphoto/8.jpg", source: http://slides.html5rocks.com/#geolocation (0)
[1103/114608:INFO:CONSOLE(0)] "Application Cache Progress event (31 of 90) http://slides.html5rocks.com/src/canvasphoto/9.jpg", source: http://slides.html5rocks.com/#geolocation (0)
[1103/114608:INFO:CONSOLE(0)] "Application Cache Progress event (32 of 90) http://slides.html5rocks.com/src/canvasphoto/canvasElement.js", source: http://slides.html5rocks.com/#geolocation (0)
[1103/114612:INFO:CONSOLE(0)] "Application Cache Progress event (33 of 90) http://slides.html5rocks.com/src/canvasphoto/excanvas.js", source: http://slides.html5rocks.com/#geolocation (0)
[1103/114614:INFO:CONSOLE(0)] "Application Cache Progress event (34 of 90) http://slides.html5rocks.com/src/prettify/lang-wiki.js", source: http://slides.html5rocks.com/#geolocation (0)
[1103/114616:INFO:CONSOLE(0)] "Application Cache Progress event (35 of 90) http://slides.html5rocks.com/src/canvasphoto/index.html", source: http://slides.html5rocks.com/#geolocation (0)
[1103/114622:INFO:CONSOLE(0)] "Application Cache Progress event (36 of 90) http://slides.html5rocks.com/src/fonts/yanone/YanoneKaffeesatz-Regular.ttf", source: http://slides.html5rocks.com/#geolocation (0)
[1103/114623:ERROR:renderer_main.cc(226)] Running without renderer sandbox
[1103/114631:ERROR:renderer_main.cc(226)] Running without renderer sandbox
[1103/114705:ERROR:renderer_main.cc(226)] Running without renderer sandbox
[1103/123315:ERROR:renderer_main.cc(226)] Running without renderer sandbox
[1103/123317:INFO:CONSOLE(0)] "event.returnValue is deprecated. Please use the standard event.preventDefault() instead.", source:  (0)
[1103/123504:ERROR:renderer_main.cc(226)] Running without renderer sandbox
[1103/123505:INFO:CONSOLE(0)] "event.returnValue is deprecated. Please use the standard event.preventDefault() instead.", source:  (0)
[1103/130935:ERROR:renderer_main.cc(226)] Running without renderer sandbox
[1103/130938:INFO:CONSOLE(0)] "event.returnValue is deprecated. Please use the standard event.preventDefault() instead.", source:  (0)
[1103/131705:ERROR:renderer_main.cc(226)] Running without renderer sandbox
[1103/131708:INFO:CONSOLE(0)] "event.returnValue is deprecated. Please use the standard event.preventDefault() instead.", source:  (0)
[1103/131712:INFO:CONSOLE(0)] "event.returnValue is deprecated. Please use the standard event.preventDefault() instead.", source:  (0)
[1103/132208:ERROR:renderer_main.cc(226)] Running without renderer sandbox
[1103/132210:INFO:CONSOLE(0)] "event.returnValue is deprecated. Please use the standard event.preventDefault() instead.", source:  (0)
[1103/132214:INFO:CONSOLE(0)] "event.returnValue is deprecated. Please use the standard event.preventDefault() instead.", source:  (0)
[1103/132222:ERROR:renderer_main.cc(226)] Running without renderer sandbox
[1103/132224:INFO:CONSOLE(85)] "一张网页，要经历怎样的过程，才能抵达用户面前？
一位新人，要经历怎样的成长，才能站在技术之巅？
探寻这里的秘密；
体验这里的挑战；
成为这里的主人；
加入百度，加入网页搜索，你，可以影响世界。
", source: http://s1.bdstatic.com/r/www/cache/static/global/js/all_instant_search1_8b4445d5.js (85)
[1103/132224:INFO:CONSOLE(85)] "请将简历发送至 %c ps_recruiter@baidu.com（ 邮件标题请以“姓名-应聘XX职位-来自console”命名）", source: http://s1.bdstatic.com/r/www/cache/static/global/js/all_instant_search1_8b4445d5.js (85)
[1103/132224:INFO:CONSOLE(85)] "职位介绍：http://dwz.cn/hr2013", source: http://s1.bdstatic.com/r/www/cache/static/global/js/all_instant_search1_8b4445d5.js (85)
[1103/132224:INFO:CONSOLE(0)] "event.returnValue is deprecated. Please use the standard event.preventDefault() instead.", source:  (0)
[1103/132450:ERROR:renderer_main.cc(226)] Running without renderer sandbox
[1103/132458:ERROR:renderer_main.cc(226)] Running without renderer sandbox
[1103/132505:ERROR:browser_host_impl.cc(1465)] Invalid URL passed to CefBrowserHostImpl::LoadURL: search://
[1103/132531:ERROR:renderer_main.cc(226)] Running without renderer sandbox
[1103/132543:ERROR:renderer_main.cc(226)] Running without renderer sandbox
[1103/132547:ERROR:renderer_main.cc(226)] Running without renderer sandbox
[1103/132549:INFO:CONSOLE(85)] "一张网页，要经历怎样的过程，才能抵达用户面前？
一位新人，要经历怎样的成长，才能站在技术之巅？
探寻这里的秘密；
体验这里的挑战；
成为这里的主人；
加入百度，加入网页搜索，你，可以影响世界。
", source: http://s1.bdstatic.com/r/www/cache/static/global/js/all_instant_search1_8b4445d5.js (85)
[1103/132549:INFO:CONSOLE(85)] "请将简历发送至 %c ps_recruiter@baidu.com（ 邮件标题请以“姓名-应聘XX职位-来自console”命名）", source: http://s1.bdstatic.com/r/www/cache/static/global/js/all_instant_search1_8b4445d5.js (85)
[1103/132549:INFO:CONSOLE(85)] "职位介绍：http://dwz.cn/hr2013", source: http://s1.bdstatic.com/r/www/cache/static/global/js/all_instant_search1_8b4445d5.js (85)
[1103/132549:INFO:CONSOLE(0)] "event.returnValue is deprecated. Please use the standard event.preventDefault() instead.", source:  (0)
[1103/132551:INFO:CONSOLE(85)] "一张网页，要经历怎样的过程，才能抵达用户面前？
一位新人，要经历怎样的成长，才能站在技术之巅？
探寻这里的秘密；
体验这里的挑战；
成为这里的主人；
加入百度，加入网页搜索，你，可以影响世界。
", source: http://s1.bdstatic.com/r/www/cache/static/global/js/all_instant_search1_8b4445d5.js (85)
[1103/132551:INFO:CONSOLE(85)] "请将简历发送至 %c ps_recruiter@baidu.com（ 邮件标题请以“姓名-应聘XX职位-来自console”命名）", source: http://s1.bdstatic.com/r/www/cache/static/global/js/all_instant_search1_8b4445d5.js (85)
[1103/132551:INFO:CONSOLE(85)] "职位介绍：http://dwz.cn/hr2013", source: http://s1.bdstatic.com/r/www/cache/static/global/js/all_instant_search1_8b4445d5.js (85)
[1103/132552:INFO:CONSOLE(0)] "event.returnValue is deprecated. Please use the standard event.preventDefault() instead.", source:  (0)
[1103/132624:ERROR:renderer_main.cc(226)] Running without renderer sandbox
[1103/132637:ERROR:renderer_main.cc(226)] Running without renderer sandbox
[1103/132638:INFO:CONSOLE(0)] "event.returnValue is deprecated. Please use the standard event.preventDefault() instead.", source:  (0)
[1103/132702:INFO:CONSOLE(0)] "event.returnValue is deprecated. Please use the standard event.preventDefault() instead.", source:  (0)
[1103/132705:INFO:CONSOLE(0)] "event.returnValue is deprecated. Please use the standard event.preventDefault() instead.", source:  (0)
[1103/132712:INFO:CONSOLE(1)] "Uncaught SyntaxError: Unexpected token <", source: http://widgets.pinterest.com/v1/urls/count.json?url=http%3A%2F%2Fnews.rice.edu%2F2014%2F10%2F27%2Fpoll-star-rice-team-sets-sights-on-better-voting-machine-2%2F&ref=http%3A%2F%2Fnews.rice.edu%2F2014%2F10%2F27%2Fpoll-star-rice-team-sets-sights-on-better-voting-machine-2%2F&source=6&callback=PIN_1414992432800.f.callback[0] (1)
[1103/132716:INFO:CONSOLE(1)] "TWITTER: Content Security Policy restrictions may be applied to your site. Add <meta name="twitter:widgets:csp" content="on"> to supress this warning.", source: http://platform.twitter.com/widgets.js?ver=1.1 (1)
[1103/132716:INFO:CONSOLE(1)] "TWITTER: Please note: Not all embedded timeline and embedded Tweet functionality is supported when CSP is applied.", source: http://platform.twitter.com/widgets.js?ver=1.1 (1)
[1103/132842:ERROR:browser_host_impl.cc(1465)] Invalid URL passed to CefBrowserHostImpl::LoadURL: search://
[1103/132844:ERROR:browser_host_impl.cc(1465)] Invalid URL passed to CefBrowserHostImpl::LoadURL: search://
[1103/132845:ERROR:browser_host_impl.cc(1465)] Invalid URL passed to CefBrowserHostImpl::LoadURL: search://
[1103/132845:ERROR:browser_host_impl.cc(1465)] Invalid URL passed to CefBrowserHostImpl::LoadURL: search://
[1103/132845:ERROR:browser_host_impl.cc(1465)] Invalid URL passed to CefBrowserHostImpl::LoadURL: search://
[1103/132845:ERROR:browser_host_impl.cc(1465)] Invalid URL passed to CefBrowserHostImpl::LoadURL: search://
[1103/133119:ERROR:renderer_main.cc(226)] Running without renderer sandbox
[1103/133121:INFO:CONSOLE(0)] "event.returnValue is deprecated. Please use the standard event.preventDefault() instead.", source:  (0)
[1103/133139:ERROR:renderer_main.cc(226)] Running without renderer sandbox
[1103/133141:INFO:CONSOLE(0)] "event.returnValue is deprecated. Please use the standard event.preventDefault() instead.", source:  (0)
[1103/133205:ERROR:renderer_main.cc(226)] Running without renderer sandbox
[1103/133206:INFO:CONSOLE(0)] "event.returnValue is deprecated. Please use the standard event.preventDefault() instead.", source:  (0)
[1103/133254:ERROR:renderer_main.cc(226)] Running without renderer sandbox
[1103/133256:INFO:CONSOLE(0)] "event.returnValue is deprecated. Please use the standard event.preventDefault() instead.", source:  (0)
[1103/133624:ERROR:renderer_main.cc(226)] Running without renderer sandbox
[1103/133626:INFO:CONSOLE(0)] "event.returnValue is deprecated. Please use the standard event.preventDefault() instead.", source:  (0)
[1103/133632:INFO:CONSOLE(0)] "event.returnValue is deprecated. Please use the standard event.preventDefault() instead.", source:  (0)
[1103/133643:ERROR:renderer_main.cc(226)] Running without renderer sandbox
[1103/133645:INFO:CONSOLE(0)] "event.returnValue is deprecated. Please use the standard event.preventDefault() instead.", source:  (0)
[1103/133943:ERROR:renderer_main.cc(226)] Running without renderer sandbox
[1103/133945:INFO:CONSOLE(0)] "event.returnValue is deprecated. Please use the standard event.preventDefault() instead.", source:  (0)
[1103/133946:INFO:CONSOLE(0)] "event.returnValue is deprecated. Please use the standard event.preventDefault() instead.", source:  (0)
[1103/134036:ERROR:renderer_main.cc(226)] Running without renderer sandbox
[1103/134038:INFO:CONSOLE(0)] "event.returnValue is deprecated. Please use the standard event.preventDefault() instead.", source:  (0)
[1103/134214:ERROR:renderer_main.cc(226)] Running without renderer sandbox
[1103/134216:INFO:CONSOLE(0)] "event.returnValue is deprecated. Please use the standard event.preventDefault() instead.", source:  (0)
[1103/141357:ERROR:renderer_main.cc(226)] Running without renderer sandbox
[1103/141359:INFO:CONSOLE(0)] "event.returnValue is deprecated. Please use the standard event.preventDefault() instead.", source:  (0)
[1103/141604:ERROR:renderer_main.cc(226)] Running without renderer sandbox
[1103/141606:INFO:CONSOLE(0)] "event.returnValue is deprecated. Please use the standard event.preventDefault() instead.", source:  (0)
[1103/141615:INFO:CONSOLE(0)] "event.returnValue is deprecated. Please use the standard event.preventDefault() instead.", source:  (0)
[1103/141650:ERROR:renderer_main.cc(226)] Running without renderer sandbox
[1103/141652:INFO:CONSOLE(0)] "event.returnValue is deprecated. Please use the standard event.preventDefault() instead.", source:  (0)
[1104/035932:ERROR:renderer_main.cc(226)] Running without renderer sandbox
[1104/035934:INFO:CONSOLE(0)] "event.returnValue is deprecated. Please use the standard event.preventDefault() instead.", source:  (0)
[1104/035937:INFO:CONSOLE(0)] "event.returnValue is deprecated. Please use the standard event.preventDefault() instead.", source:  (0)
[1104/040255:ERROR:renderer_main.cc(226)] Running without renderer sandbox
[1120/072632:ERROR:renderer_main.cc(226)] Running without renderer sandbox
[1120/072636:ERROR:renderer_main.cc(226)] Running without renderer sandbox
[1120/074350:ERROR:renderer_main.cc(226)] Running without renderer sandbox
[1120/074402:ERROR:renderer_main.cc(226)] Running without renderer sandbox
[1120/074427:ERROR:renderer_main.cc(226)] Running without renderer sandbox
[1121/002556:ERROR:renderer_main.cc(226)] Running without renderer sandbox
[1121/002556:INFO:dhcp_proxy_script_adapter_fetcher_win.cc(264)] Error fetching PAC URL from DHCP: 2
[1121/002656:ERROR:renderer_main.cc(226)] Running without renderer sandbox
[1121/002656:INFO:dhcp_proxy_script_adapter_fetcher_win.cc(264)] Error fetching PAC URL from DHCP: 2
[1121/002807:ERROR:renderer_main.cc(226)] Running without renderer sandbox
[1121/002807:INFO:dhcp_proxy_script_adapter_fetcher_win.cc(264)] Error fetching PAC URL from DHCP: 2
[1121/003007:ERROR:renderer_main.cc(226)] Running without renderer sandbox
[1121/003007:INFO:dhcp_proxy_script_adapter_fetcher_win.cc(264)] Error fetching PAC URL from DHCP: 2
[1121/003016:INFO:dhcp_proxy_script_adapter_fetcher_win.cc(264)] Error fetching PAC URL from DHCP: 2
[1121/003020:INFO:CONSOLE(0)] "event.returnValue is deprecated. Please use the standard event.preventDefault() instead.", source:  (0)
[1121/004450:ERROR:renderer_main.cc(226)] Running without renderer sandbox
[1121/004450:INFO:dhcp_proxy_script_adapter_fetcher_win.cc(264)] Error fetching PAC URL from DHCP: 2
[1121/005233:ERROR:renderer_main.cc(226)] Running without renderer sandbox
[1121/005233:INFO:dhcp_proxy_script_adapter_fetcher_win.cc(264)] Error fetching PAC URL from DHCP: 2
[1121/005235:INFO:CONSOLE(0)] "event.returnValue is deprecated. Please use the standard event.preventDefault() instead.", source:  (0)
[1121/005236:INFO:CONSOLE(0)] "XMLHttpRequest cannot load chrome-extension://boadgeojelhgndaghljhdicfkmllpafd/cast_sender.js. Cross origin requests are only supported for HTTP.", source: http://www.youtube.com/embed/Z4v1vLcJn80?HD=1;rel=0;showinfo=0;controls=1 (0)
[1121/005236:INFO:CONSOLE(0)] "XMLHttpRequest cannot load chrome-extension://dliochdbjfkdbacpmhlcpmleaejidimm/cast_sender.js. Cross origin requests are only supported for HTTP.", source: http://www.youtube.com/embed/Z4v1vLcJn80?HD=1;rel=0;showinfo=0;controls=1 (0)
[1121/005236:INFO:CONSOLE(0)] "XMLHttpRequest cannot load chrome-extension://hfaagokkkhdbgiakmmlclaapfelnkoah/cast_sender.js. Cross origin requests are only supported for HTTP.", source: http://www.youtube.com/embed/Z4v1vLcJn80?HD=1;rel=0;showinfo=0;controls=1 (0)
[1121/005236:INFO:CONSOLE(0)] "XMLHttpRequest cannot load chrome-extension://fmfcbgogabcbclcofgocippekhfcmgfj/cast_sender.js. Cross origin requests are only supported for HTTP.", source: http://www.youtube.com/embed/Z4v1vLcJn80?HD=1;rel=0;showinfo=0;controls=1 (0)
[1121/005236:INFO:CONSOLE(0)] "XMLHttpRequest cannot load chrome-extension://enhhojjnijigcajfphajepfemndkmdlo/cast_sender.js. Cross origin requests are only supported for HTTP.", source: http://www.youtube.com/embed/Z4v1vLcJn80?HD=1;rel=0;showinfo=0;controls=1 (0)
[1121/005236:INFO:CONSOLE(0)] "XMLHttpRequest cannot load chrome-extension://enhhojjnijigcajfphajepfemndkmdlo/cast_sender.js. Cross origin requests are only supported for HTTP.", source: http://www.youtube.com/embed/Z4v1vLcJn80?HD=1;rel=0;showinfo=0;controls=1 (0)
[1121/005236:INFO:CONSOLE(0)] "XMLHttpRequest cannot load chrome-extension://fmfcbgogabcbclcofgocippekhfcmgfj/cast_sender.js. Cross origin requests are only supported for HTTP.", source: http://www.youtube.com/embed/Z4v1vLcJn80?HD=1;rel=0;showinfo=0;controls=1 (0)
[1121/005236:INFO:CONSOLE(0)] "XMLHttpRequest cannot load chrome-extension://enhhojjnijigcajfphajepfemndkmdlo/cast_sender.js. Cross origin requests are only supported for HTTP.", source: http://www.youtube.com/embed/Z4v1vLcJn80?HD=1;rel=0;showinfo=0;controls=1 (0)
[1121/005236:INFO:CONSOLE(0)] "XMLHttpRequest cannot load chrome-extension://enhhojjnijigcajfphajepfemndkmdlo/cast_sender.js. Cross origin requests are only supported for HTTP.", source: http://www.youtube.com/embed/Z4v1vLcJn80?HD=1;rel=0;showinfo=0;controls=1 (0)
[1121/005236:INFO:CONSOLE(0)] "XMLHttpRequest cannot load chrome-extension://hfaagokkkhdbgiakmmlclaapfelnkoah/cast_sender.js. Cross origin requests are only supported for HTTP.", source: http://www.youtube.com/embed/Z4v1vLcJn80?HD=1;rel=0;showinfo=0;controls=1 (0)
[1121/005236:INFO:CONSOLE(0)] "XMLHttpRequest cannot load chrome-extension://fmfcbgogabcbclcofgocippekhfcmgfj/cast_sender.js. Cross origin requests are only supported for HTTP.", source: http://www.youtube.com/embed/Z4v1vLcJn80?HD=1;rel=0;showinfo=0;controls=1 (0)
[1121/005236:INFO:CONSOLE(0)] "XMLHttpRequest cannot load chrome-extension://enhhojjnijigcajfphajepfemndkmdlo/cast_sender.js. Cross origin requests are only supported for HTTP.", source: http://www.youtube.com/embed/Z4v1vLcJn80?HD=1;rel=0;showinfo=0;controls=1 (0)
[1121/005236:INFO:CONSOLE(0)] "XMLHttpRequest cannot load chrome-extension://enhhojjnijigcajfphajepfemndkmdlo/cast_sender.js. Cross origin requests are only supported for HTTP.", source: http://www.youtube.com/embed/Z4v1vLcJn80?HD=1;rel=0;showinfo=0;controls=1 (0)
[1121/005236:INFO:CONSOLE(0)] "XMLHttpRequest cannot load chrome-extension://fmfcbgogabcbclcofgocippekhfcmgfj/cast_sender.js. Cross origin requests are only supported for HTTP.", source: http://www.youtube.com/embed/Z4v1vLcJn80?HD=1;rel=0;showinfo=0;controls=1 (0)
[1121/005236:INFO:CONSOLE(0)] "XMLHttpRequest cannot load chrome-extension://enhhojjnijigcajfphajepfemndkmdlo/cast_sender.js. Cross origin requests are only supported for HTTP.", source: http://www.youtube.com/embed/Z4v1vLcJn80?HD=1;rel=0;showinfo=0;controls=1 (0)
[1121/005236:INFO:CONSOLE(0)] "XMLHttpRequest cannot load chrome-extension://enhhojjnijigcajfphajepfemndkmdlo/cast_sender.js. Cross origin requests are only supported for HTTP.", source: http://www.youtube.com/embed/Z4v1vLcJn80?HD=1;rel=0;showinfo=0;controls=1 (0)
[1121/005236:INFO:CONSOLE(0)] "XMLHttpRequest cannot load chrome-extension://dliochdbjfkdbacpmhlcpmleaejidimm/cast_sender.js. Cross origin requests are only supported for HTTP.", source: http://www.youtube.com/embed/Z4v1vLcJn80?HD=1;rel=0;showinfo=0;controls=1 (0)
[1121/005236:INFO:CONSOLE(0)] "XMLHttpRequest cannot load chrome-extension://hfaagokkkhdbgiakmmlclaapfelnkoah/cast_sender.js. Cross origin requests are only supported for HTTP.", source: http://www.youtube.com/embed/Z4v1vLcJn80?HD=1;rel=0;showinfo=0;controls=1 (0)
[1121/005236:INFO:CONSOLE(0)] "XMLHttpRequest cannot load chrome-extension://fmfcbgogabcbclcofgocippekhfcmgfj/cast_sender.js. Cross origin requests are only supported for HTTP.", source: http://www.youtube.com/embed/Z4v1vLcJn80?HD=1;rel=0;showinfo=0;controls=1 (0)
[1121/005236:INFO:CONSOLE(0)] "XMLHttpRequest cannot load chrome-extension://enhhojjnijigcajfphajepfemndkmdlo/cast_sender.js. Cross origin requests are only supported for HTTP.", source: http://www.youtube.com/embed/Z4v1vLcJn80?HD=1;rel=0;showinfo=0;controls=1 (0)
[1121/005236:INFO:CONSOLE(0)] "XMLHttpRequest cannot load chrome-extension://enhhojjnijigcajfphajepfemndkmdlo/cast_sender.js. Cross origin requests are only supported for HTTP.", source: http://www.youtube.com/embed/Z4v1vLcJn80?HD=1;rel=0;showinfo=0;controls=1 (0)
[1121/005236:INFO:CONSOLE(0)] "XMLHttpRequest cannot load chrome-extension://fmfcbgogabcbclcofgocippekhfcmgfj/cast_sender.js. Cross origin requests are only supported for HTTP.", source: http://www.youtube.com/embed/Z4v1vLcJn80?HD=1;rel=0;showinfo=0;controls=1 (0)
[1121/005236:INFO:CONSOLE(0)] "XMLHttpRequest cannot load chrome-extension://enhhojjnijigcajfphajepfemndkmdlo/cast_sender.js. Cross origin requests are only supported for HTTP.", source: http://www.youtube.com/embed/Z4v1vLcJn80?HD=1;rel=0;showinfo=0;controls=1 (0)
[1121/005236:INFO:CONSOLE(0)] "XMLHttpRequest cannot load chrome-extension://enhhojjnijigcajfphajepfemndkmdlo/cast_sender.js. Cross origin requests are only supported for HTTP.", source: http://www.youtube.com/embed/Z4v1vLcJn80?HD=1;rel=0;showinfo=0;controls=1 (0)
[1121/005236:INFO:CONSOLE(0)] "XMLHttpRequest cannot load chrome-extension://hfaagokkkhdbgiakmmlclaapfelnkoah/cast_sender.js. Cross origin requests are only supported for HTTP.", source: http://www.youtube.com/embed/Z4v1vLcJn80?HD=1;rel=0;showinfo=0;controls=1 (0)
[1121/005236:INFO:CONSOLE(0)] "XMLHttpRequest cannot load chrome-extension://fmfcbgogabcbclcofgocippekhfcmgfj/cast_sender.js. Cross origin requests are only supported for HTTP.", source: http://www.youtube.com/embed/Z4v1vLcJn80?HD=1;rel=0;showinfo=0;controls=1 (0)
[1121/005236:INFO:CONSOLE(0)] "XMLHttpRequest cannot load chrome-extension://enhhojjnijigcajfphajepfemndkmdlo/cast_sender.js. Cross origin requests are only supported for HTTP.", source: http://www.youtube.com/embed/Z4v1vLcJn80?HD=1;rel=0;showinfo=0;controls=1 (0)
[1121/005236:INFO:CONSOLE(0)] "XMLHttpRequest cannot load chrome-extension://enhhojjnijigcajfphajepfemndkmdlo/cast_sender.js. Cross origin requests are only supported for HTTP.", source: http://www.youtube.com/embed/Z4v1vLcJn80?HD=1;rel=0;showinfo=0;controls=1 (0)
[1121/005236:INFO:CONSOLE(0)] "XMLHttpRequest cannot load chrome-extension://fmfcbgogabcbclcofgocippekhfcmgfj/cast_sender.js. Cross origin requests are only supported for HTTP.", source: http://www.youtube.com/embed/Z4v1vLcJn80?HD=1;rel=0;showinfo=0;controls=1 (0)
[1121/005236:INFO:CONSOLE(0)] "XMLHttpRequest cannot load chrome-extension://enhhojjnijigcajfphajepfemndkmdlo/cast_sender.js. Cross origin requests are only supported for HTTP.", source: http://www.youtube.com/embed/Z4v1vLcJn80?HD=1;rel=0;showinfo=0;controls=1 (0)
[1121/005236:INFO:CONSOLE(0)] "XMLHttpRequest cannot load chrome-extension://enhhojjnijigcajfphajepfemndkmdlo/cast_sender.js. Cross origin requests are only supported for HTTP.", source: http://www.youtube.com/embed/Z4v1vLcJn80?HD=1;rel=0;showinfo=0;controls=1 (0)
[1121/005254:ERROR:renderer_main.cc(226)] Running without renderer sandbox
[1121/005254:INFO:dhcp_proxy_script_adapter_fetcher_win.cc(264)] Error fetching PAC URL from DHCP: 2
[1121/005255:INFO:CONSOLE(0)] "event.returnValue is deprecated. Please use the standard event.preventDefault() instead.", source:  (0)
[1121/005256:INFO:CONSOLE(0)] "XMLHttpRequest cannot load chrome-extension://boadgeojelhgndaghljhdicfkmllpafd/cast_sender.js. Cross origin requests are only supported for HTTP.", source: http://www.youtube.com/embed/Z4v1vLcJn80?HD=1;rel=0;showinfo=0;controls=1 (0)
[1121/005256:INFO:CONSOLE(0)] "XMLHttpRequest cannot load chrome-extension://dliochdbjfkdbacpmhlcpmleaejidimm/cast_sender.js. Cross origin requests are only supported for HTTP.", source: http://www.youtube.com/embed/Z4v1vLcJn80?HD=1;rel=0;showinfo=0;controls=1 (0)
[1121/005256:INFO:CONSOLE(0)] "XMLHttpRequest cannot load chrome-extension://hfaagokkkhdbgiakmmlclaapfelnkoah/cast_sender.js. Cross origin requests are only supported for HTTP.", source: http://www.youtube.com/embed/Z4v1vLcJn80?HD=1;rel=0;showinfo=0;controls=1 (0)
[1121/005256:INFO:CONSOLE(0)] "XMLHttpRequest cannot load chrome-extension://fmfcbgogabcbclcofgocippekhfcmgfj/cast_sender.js. Cross origin requests are only supported for HTTP.", source: http://www.youtube.com/embed/Z4v1vLcJn80?HD=1;rel=0;showinfo=0;controls=1 (0)
[1121/005256:INFO:CONSOLE(0)] "XMLHttpRequest cannot load chrome-extension://enhhojjnijigcajfphajepfemndkmdlo/cast_sender.js. Cross origin requests are only supported for HTTP.", source: http://www.youtube.com/embed/Z4v1vLcJn80?HD=1;rel=0;showinfo=0;controls=1 (0)
[1121/005256:INFO:CONSOLE(0)] "XMLHttpRequest cannot load chrome-extension://enhhojjnijigcajfphajepfemndkmdlo/cast_sender.js. Cross origin requests are only supported for HTTP.", source: http://www.youtube.com/embed/Z4v1vLcJn80?HD=1;rel=0;showinfo=0;controls=1 (0)
[1121/005256:INFO:CONSOLE(0)] "XMLHttpRequest cannot load chrome-extension://fmfcbgogabcbclcofgocippekhfcmgfj/cast_sender.js. Cross origin requests are only supported for HTTP.", source: http://www.youtube.com/embed/Z4v1vLcJn80?HD=1;rel=0;showinfo=0;controls=1 (0)
[1121/005256:INFO:CONSOLE(0)] "XMLHttpRequest cannot load chrome-extension://enhhojjnijigcajfphajepfemndkmdlo/cast_sender.js. Cross origin requests are only supported for HTTP.", source: http://www.youtube.com/embed/Z4v1vLcJn80?HD=1;rel=0;showinfo=0;controls=1 (0)
[1121/005256:INFO:CONSOLE(0)] "XMLHttpRequest cannot load chrome-extension://enhhojjnijigcajfphajepfemndkmdlo/cast_sender.js. Cross origin requests are only supported for HTTP.", source: http://www.youtube.com/embed/Z4v1vLcJn80?HD=1;rel=0;showinfo=0;controls=1 (0)
[1121/005256:INFO:CONSOLE(0)] "XMLHttpRequest cannot load chrome-extension://hfaagokkkhdbgiakmmlclaapfelnkoah/cast_sender.js. Cross origin requests are only supported for HTTP.", source: http://www.youtube.com/embed/Z4v1vLcJn80?HD=1;rel=0;showinfo=0;controls=1 (0)
[1121/005256:INFO:CONSOLE(0)] "XMLHttpRequest cannot load chrome-extension://fmfcbgogabcbclcofgocippekhfcmgfj/cast_sender.js. Cross origin requests are only supported for HTTP.", source: http://www.youtube.com/embed/Z4v1vLcJn80?HD=1;rel=0;showinfo=0;controls=1 (0)
[1121/005256:INFO:CONSOLE(0)] "XMLHttpRequest cannot load chrome-extension://enhhojjnijigcajfphajepfemndkmdlo/cast_sender.js. Cross origin requests are only supported for HTTP.", source: http://www.youtube.com/embed/Z4v1vLcJn80?HD=1;rel=0;showinfo=0;controls=1 (0)
[1121/005256:INFO:CONSOLE(0)] "XMLHttpRequest cannot load chrome-extension://enhhojjnijigcajfphajepfemndkmdlo/cast_sender.js. Cross origin requests are only supported for HTTP.", source: http://www.youtube.com/embed/Z4v1vLcJn80?HD=1;rel=0;showinfo=0;controls=1 (0)
[1121/005256:INFO:CONSOLE(0)] "XMLHttpRequest cannot load chrome-extension://fmfcbgogabcbclcofgocippekhfcmgfj/cast_sender.js. Cross origin requests are only supported for HTTP.", source: http://www.youtube.com/embed/Z4v1vLcJn80?HD=1;rel=0;showinfo=0;controls=1 (0)
[1121/005256:INFO:CONSOLE(0)] "XMLHttpRequest cannot load chrome-extension://enhhojjnijigcajfphajepfemndkmdlo/cast_sender.js. Cross origin requests are only supported for HTTP.", source: http://www.youtube.com/embed/Z4v1vLcJn80?HD=1;rel=0;showinfo=0;controls=1 (0)
[1121/005256:INFO:CONSOLE(0)] "XMLHttpRequest cannot load chrome-extension://enhhojjnijigcajfphajepfemndkmdlo/cast_sender.js. Cross origin requests are only supported for HTTP.", source: http://www.youtube.com/embed/Z4v1vLcJn80?HD=1;rel=0;showinfo=0;controls=1 (0)
[1121/005256:INFO:CONSOLE(0)] "XMLHttpRequest cannot load chrome-extension://dliochdbjfkdbacpmhlcpmleaejidimm/cast_sender.js. Cross origin requests are only supported for HTTP.", source: http://www.youtube.com/embed/Z4v1vLcJn80?HD=1;rel=0;showinfo=0;controls=1 (0)
[1121/005256:INFO:CONSOLE(0)] "XMLHttpRequest cannot load chrome-extension://hfaagokkkhdbgiakmmlclaapfelnkoah/cast_sender.js. Cross origin requests are only supported for HTTP.", source: http://www.youtube.com/embed/Z4v1vLcJn80?HD=1;rel=0;showinfo=0;controls=1 (0)
[1121/005256:INFO:CONSOLE(0)] "XMLHttpRequest cannot load chrome-extension://fmfcbgogabcbclcofgocippekhfcmgfj/cast_sender.js. Cross origin requests are only supported for HTTP.", source: http://www.youtube.com/embed/Z4v1vLcJn80?HD=1;rel=0;showinfo=0;controls=1 (0)
[1121/005256:INFO:CONSOLE(0)] "XMLHttpRequest cannot load chrome-extension://enhhojjnijigcajfphajepfemndkmdlo/cast_sender.js. Cross origin requests are only supported for HTTP.", source: http://www.youtube.com/embed/Z4v1vLcJn80?HD=1;rel=0;showinfo=0;controls=1 (0)
[1121/005256:INFO:CONSOLE(0)] "XMLHttpRequest cannot load chrome-extension://enhhojjnijigcajfphajepfemndkmdlo/cast_sender.js. Cross origin requests are only supported for HTTP.", source: http://www.youtube.com/embed/Z4v1vLcJn80?HD=1;rel=0;showinfo=0;controls=1 (0)
[1121/005256:INFO:CONSOLE(0)] "XMLHttpRequest cannot load chrome-extension://fmfcbgogabcbclcofgocippekhfcmgfj/cast_sender.js. Cross origin requests are only supported for HTTP.", source: http://www.youtube.com/embed/Z4v1vLcJn80?HD=1;rel=0;showinfo=0;controls=1 (0)
[1121/005256:INFO:CONSOLE(0)] "XMLHttpRequest cannot load chrome-extension://enhhojjnijigcajfphajepfemndkmdlo/cast_sender.js. Cross origin requests are only supported for HTTP.", source: http://www.youtube.com/embed/Z4v1vLcJn80?HD=1;rel=0;showinfo=0;controls=1 (0)
[1121/005256:INFO:CONSOLE(0)] "XMLHttpRequest cannot load chrome-extension://enhhojjnijigcajfphajepfemndkmdlo/cast_sender.js. Cross origin requests are only supported for HTTP.", source: http://www.youtube.com/embed/Z4v1vLcJn80?HD=1;rel=0;showinfo=0;controls=1 (0)
[1121/005256:INFO:CONSOLE(0)] "XMLHttpRequest cannot load chrome-extension://hfaagokkkhdbgiakmmlclaapfelnkoah/cast_sender.js. Cross origin requests are only supported for HTTP.", source: http://www.youtube.com/embed/Z4v1vLcJn80?HD=1;rel=0;showinfo=0;controls=1 (0)
[1121/005256:INFO:CONSOLE(0)] "XMLHttpRequest cannot load chrome-extension://fmfcbgogabcbclcofgocippekhfcmgfj/cast_sender.js. Cross origin requests are only supported for HTTP.", source: http://www.youtube.com/embed/Z4v1vLcJn80?HD=1;rel=0;showinfo=0;controls=1 (0)
[1121/005256:INFO:CONSOLE(0)] "XMLHttpRequest cannot load chrome-extension://enhhojjnijigcajfphajepfemndkmdlo/cast_sender.js. Cross origin requests are only supported for HTTP.", source: http://www.youtube.com/embed/Z4v1vLcJn80?HD=1;rel=0;showinfo=0;controls=1 (0)
[1121/005256:INFO:CONSOLE(0)] "XMLHttpRequest cannot load chrome-extension://enhhojjnijigcajfphajepfemndkmdlo/cast_sender.js. Cross origin requests are only supported for HTTP.", source: http://www.youtube.com/embed/Z4v1vLcJn80?HD=1;rel=0;showinfo=0;controls=1 (0)
[1121/005256:INFO:CONSOLE(0)] "XMLHttpRequest cannot load chrome-extension://fmfcbgogabcbclcofgocippekhfcmgfj/cast_sender.js. Cross origin requests are only supported for HTTP.", source: http://www.youtube.com/embed/Z4v1vLcJn80?HD=1;rel=0;showinfo=0;controls=1 (0)
[1121/005256:INFO:CONSOLE(0)] "XMLHttpRequest cannot load chrome-extension://enhhojjnijigcajfphajepfemndkmdlo/cast_sender.js. Cross origin requests are only supported for HTTP.", source: http://www.youtube.com/embed/Z4v1vLcJn80?HD=1;rel=0;showinfo=0;controls=1 (0)
[1121/005256:INFO:CONSOLE(0)] "XMLHttpRequest cannot load chrome-extension://enhhojjnijigcajfphajepfemndkmdlo/cast_sender.js. Cross origin requests are only supported for HTTP.", source: http://www.youtube.com/embed/Z4v1vLcJn80?HD=1;rel=0;showinfo=0;controls=1 (0)
